# x= #alpha_{int} [deg] ,  y= J(#alpha_{int}) [GeV^{2} cm^{-5}]
#     x       y_pdf_median  y_pdf_mean  y_mostlikely  y_chi2_best    CL_lo_PDF   CL_up_PDF
#                                                                 |          68.0% CL         |          95.0% CL          
1.0000e-02 1.73e+23 1.91e+23 1.74e+23 2.86e+23   8.72e+22 4.13e+23   2.35e+22 3.88e+24  
1.3216e-02 2.19e+23 2.69e+23 1.48e+23 2.89e+23   1.12e+23 6.23e+23   3.76e+22 8.40e+24  
1.7467e-02 2.72e+23 3.59e+23 2.44e+23 2.91e+23   1.32e+23 8.89e+23   6.31e+22 1.50e+25  
2.3085e-02 3.28e+23 4.72e+23 3.08e+23 2.92e+23   1.53e+23 1.37e+24   8.75e+22 2.63e+25  
3.0509e-02 3.87e+23 6.08e+23 3.64e+23 2.93e+23   1.76e+23 2.26e+24   9.75e+22 4.43e+25  
4.0321e-02 4.61e+23 7.68e+23 3.66e+23 2.93e+23   1.92e+23 3.52e+24   1.00e+23 7.28e+25  
5.3289e-02 5.64e+23 9.52e+23 2.24e+23 2.93e+23   2.00e+23 5.38e+24   1.07e+23 1.20e+26  
7.0428e-02 6.87e+23 1.16e+24 2.94e+23 2.93e+23   2.07e+23 7.41e+24   1.08e+23 1.86e+26  
9.3080e-02 7.47e+23 1.38e+24 2.47e+23 2.93e+23   2.13e+23 1.02e+25   1.07e+23 3.13e+26  
1.2302e-01 8.11e+23 1.61e+24 3.68e+23 2.93e+23   2.08e+23 1.47e+25   1.06e+23 4.39e+26  
1.6258e-01 8.86e+23 1.84e+24 2.96e+23 2.93e+23   2.10e+23 2.14e+25   1.09e+23 5.94e+26  
2.1487e-01 9.18e+23 2.03e+24 2.98e+23 2.93e+23   2.10e+23 2.75e+25   1.06e+23 7.42e+26  
2.8398e-01 9.31e+23 2.05e+24 2.75e+23 2.93e+23   2.09e+23 2.90e+25   1.07e+23 8.08e+26  
3.7531e-01 9.31e+23 2.05e+24 2.75e+23 2.93e+23   2.09e+23 2.90e+25   1.07e+23 8.08e+26  
4.9602e-01 9.31e+23 2.05e+24 2.75e+23 2.93e+23   2.09e+23 2.90e+25   1.07e+23 8.08e+26  
6.5555e-01 9.31e+23 2.05e+24 2.75e+23 2.93e+23   2.09e+23 2.90e+25   1.07e+23 8.08e+26  
8.6638e-01 9.31e+23 2.05e+24 2.75e+23 2.93e+23   2.09e+23 2.90e+25   1.07e+23 8.08e+26  
1.1450e+00 9.31e+23 2.05e+24 2.75e+23 2.93e+23   2.09e+23 2.90e+25   1.07e+23 8.08e+26  
1.5133e+00 9.31e+23 2.05e+24 2.75e+23 2.93e+23   2.09e+23 2.90e+25   1.07e+23 8.08e+26  
2.0000e+00 9.31e+23 2.05e+24 2.75e+23 2.93e+23   2.09e+23 2.90e+25   1.07e+23 8.08e+26  
