# x= #alpha_{int} [deg] ,  y= J(#alpha_{int}) [GeV^{2} cm^{-5}]
#     x       y_pdf_median  y_pdf_mean  y_mostlikely  y_chi2_best    CL_lo_PDF   CL_up_PDF
#                                                                 |          68.0% CL         |          95.0% CL          
1.0000e-02 1.76e+23 2.04e+23 1.25e+23 2.19e+23   8.93e+22 4.32e+23   3.09e+22 4.18e+24  
1.3216e-02 2.26e+23 2.81e+23 1.66e+23 2.22e+23   1.16e+23 6.63e+23   5.10e+22 7.37e+24  
1.7467e-02 2.88e+23 3.74e+23 1.34e+23 2.24e+23   1.37e+23 1.02e+24   7.72e+22 1.28e+25  
2.3085e-02 3.48e+23 4.89e+23 1.64e+23 2.25e+23   1.58e+23 1.46e+24   9.92e+22 2.31e+25  
3.0509e-02 4.16e+23 6.27e+23 1.66e+23 2.26e+23   1.70e+23 2.35e+24   1.12e+23 3.96e+25  
4.0321e-02 4.97e+23 7.92e+23 1.72e+23 2.26e+23   1.83e+23 3.50e+24   1.16e+23 6.91e+25  
5.3289e-02 5.83e+23 9.82e+23 1.72e+23 2.26e+23   1.87e+23 5.69e+24   1.17e+23 1.17e+26  
7.0428e-02 6.74e+23 1.20e+24 1.73e+23 2.26e+23   1.91e+23 8.55e+24   1.15e+23 2.04e+26  
9.3080e-02 7.48e+23 1.44e+24 2.34e+23 2.26e+23   1.91e+23 1.32e+25   1.16e+23 3.32e+26  
1.2302e-01 8.01e+23 1.70e+24 3.52e+23 2.26e+23   1.92e+23 1.86e+25   1.17e+23 5.64e+26  
1.6258e-01 8.56e+23 1.98e+24 1.71e+23 2.26e+23   1.95e+23 2.80e+25   1.16e+23 9.07e+26  
2.1487e-01 8.72e+23 2.27e+24 3.50e+23 2.26e+23   1.94e+23 3.78e+25   1.16e+23 1.40e+27  
2.8398e-01 9.05e+23 2.56e+24 1.79e+23 2.26e+23   1.92e+23 5.13e+25   1.16e+23 2.14e+27  
3.7531e-01 9.02e+23 2.79e+24 2.40e+23 2.26e+23   1.96e+23 6.47e+25   1.16e+23 2.89e+27  
4.9602e-01 9.02e+23 2.83e+24 2.42e+23 2.26e+23   1.95e+23 6.68e+25   1.16e+23 2.99e+27  
6.5555e-01 9.02e+23 2.83e+24 2.42e+23 2.26e+23   1.95e+23 6.68e+25   1.16e+23 2.99e+27  
8.6638e-01 9.02e+23 2.83e+24 2.42e+23 2.26e+23   1.95e+23 6.68e+25   1.16e+23 2.99e+27  
1.1450e+00 9.02e+23 2.83e+24 2.42e+23 2.26e+23   1.95e+23 6.68e+25   1.16e+23 2.99e+27  
1.5133e+00 9.02e+23 2.83e+24 2.42e+23 2.26e+23   1.95e+23 6.68e+25   1.16e+23 2.99e+27  
2.0000e+00 9.02e+23 2.83e+24 2.42e+23 2.26e+23   1.95e+23 6.68e+25   1.16e+23 2.99e+27  
