# x= #alpha_{int} [deg] ,  y= J(#alpha_{int}) [GeV^{2} cm^{-5}]
#     x       y_pdf_median  y_pdf_mean  y_mostlikely  y_chi2_best    CL_lo_PDF   CL_up_PDF
#                                                                 |          68.0% CL         |          95.0% CL          
1.0000e-02 1.77e+23 2.02e+23 1.04e+23 1.60e+23   8.33e+22 4.91e+23   2.89e+22 2.98e+24  
1.3216e-02 2.32e+23 2.79e+23 1.31e+23 1.62e+23   1.12e+23 6.58e+23   4.87e+22 4.93e+24  
1.7467e-02 2.91e+23 3.79e+23 2.31e+23 1.64e+23   1.35e+23 9.79e+23   8.08e+22 8.46e+24  
2.3085e-02 3.48e+23 5.02e+23 3.45e+23 1.64e+23   1.62e+23 1.53e+24   1.02e+23 1.46e+25  
3.0509e-02 4.34e+23 6.53e+23 7.90e+23 1.64e+23   1.90e+23 2.47e+24   1.08e+23 2.43e+25  
4.0321e-02 5.69e+23 8.32e+23 2.83e+23 1.64e+23   2.00e+23 4.02e+24   1.13e+23 3.94e+25  
5.3289e-02 7.12e+23 1.04e+24 3.51e+23 1.64e+23   2.07e+23 6.25e+24   1.17e+23 6.79e+25  
7.0428e-02 8.34e+23 1.28e+24 4.28e+23 1.64e+23   2.10e+23 8.73e+24   1.16e+23 1.13e+26  
9.3080e-02 9.79e+23 1.54e+24 2.86e+23 1.64e+23   2.12e+23 1.23e+25   1.17e+23 1.75e+26  
1.2302e-01 1.15e+24 1.81e+24 1.34e+23 1.64e+23   2.13e+23 1.84e+25   1.15e+23 2.68e+26  
1.6258e-01 1.27e+24 2.10e+24 1.68e+24 1.64e+23   2.12e+23 2.65e+25   1.16e+23 4.27e+26  
2.1487e-01 1.32e+24 2.39e+24 1.32e+23 1.64e+23   2.11e+23 3.75e+25   1.19e+23 6.44e+26  
2.8398e-01 1.34e+24 2.61e+24 2.88e+23 1.64e+23   2.14e+23 4.76e+25   1.14e+23 8.95e+26  
3.7531e-01 1.36e+24 2.63e+24 2.89e+23 1.64e+23   2.14e+23 4.87e+25   1.14e+23 9.26e+26  
4.9602e-01 1.36e+24 2.63e+24 2.89e+23 1.64e+23   2.14e+23 4.87e+25   1.14e+23 9.26e+26  
6.5555e-01 1.36e+24 2.63e+24 2.89e+23 1.64e+23   2.14e+23 4.87e+25   1.14e+23 9.26e+26  
8.6638e-01 1.36e+24 2.63e+24 2.89e+23 1.64e+23   2.14e+23 4.87e+25   1.14e+23 9.26e+26  
1.1450e+00 1.36e+24 2.63e+24 2.89e+23 1.64e+23   2.14e+23 4.87e+25   1.14e+23 9.26e+26  
1.5133e+00 1.36e+24 2.63e+24 2.89e+23 1.64e+23   2.14e+23 4.87e+25   1.14e+23 9.26e+26  
2.0000e+00 1.36e+24 2.63e+24 2.89e+23 1.64e+23   2.14e+23 4.87e+25   1.14e+23 9.26e+26  
