# x= #alpha_{int} [deg] ,  y= J(#alpha_{int}) [GeV^{2} cm^{-5}]
#     x       y_pdf_median  y_pdf_mean  y_mostlikely  y_chi2_best    CL_lo_PDF   CL_up_PDF
#                                                                 |          68.0% CL         |          95.0% CL          
1.0000e-02 1.67e+23 1.89e+23 1.74e+23 1.64e+23   8.42e+22 4.10e+23   2.65e+22 3.05e+24  
1.3216e-02 2.15e+23 2.63e+23 1.88e+23 1.70e+23   1.13e+23 6.05e+23   4.37e+22 5.29e+24  
1.7467e-02 2.69e+23 3.54e+23 1.84e+23 1.74e+23   1.40e+23 9.26e+23   6.87e+22 9.25e+24  
2.3085e-02 3.30e+23 4.66e+23 2.61e+23 1.77e+23   1.60e+23 1.40e+24   9.83e+22 1.57e+25  
3.0509e-02 4.23e+23 6.00e+23 2.80e+23 1.78e+23   1.76e+23 2.14e+24   1.07e+23 2.61e+25  
4.0321e-02 4.93e+23 7.61e+23 1.83e+23 1.79e+23   1.83e+23 3.20e+24   1.18e+23 4.01e+25  
5.3289e-02 6.00e+23 9.46e+23 2.54e+23 1.80e+23   1.91e+23 4.90e+24   1.15e+23 6.53e+25  
7.0428e-02 6.67e+23 1.16e+24 2.63e+23 1.80e+23   1.96e+23 7.56e+24   1.16e+23 1.06e+26  
9.3080e-02 7.67e+23 1.39e+24 2.60e+23 1.80e+23   1.98e+23 1.11e+25   1.15e+23 1.74e+26  
1.2302e-01 8.50e+23 1.63e+24 1.64e+23 1.80e+23   1.97e+23 1.64e+25   1.19e+23 2.59e+26  
1.6258e-01 8.97e+23 1.88e+24 2.58e+23 1.80e+23   1.98e+23 2.37e+25   1.17e+23 3.96e+26  
2.1487e-01 9.69e+23 2.08e+24 1.69e+23 1.80e+23   1.98e+23 3.17e+25   1.19e+23 5.58e+26  
2.8398e-01 9.42e+23 2.11e+24 1.71e+23 1.80e+23   1.99e+23 3.23e+25   1.19e+23 5.59e+26  
3.7531e-01 9.42e+23 2.11e+24 1.71e+23 1.80e+23   1.99e+23 3.23e+25   1.19e+23 5.59e+26  
4.9602e-01 9.42e+23 2.11e+24 1.71e+23 1.80e+23   1.99e+23 3.23e+25   1.19e+23 5.59e+26  
6.5555e-01 9.42e+23 2.11e+24 1.71e+23 1.80e+23   1.99e+23 3.23e+25   1.19e+23 5.59e+26  
8.6638e-01 9.42e+23 2.11e+24 1.71e+23 1.80e+23   1.99e+23 3.23e+25   1.19e+23 5.59e+26  
1.1450e+00 9.42e+23 2.11e+24 1.71e+23 1.80e+23   1.99e+23 3.23e+25   1.19e+23 5.59e+26  
1.5133e+00 9.42e+23 2.11e+24 1.71e+23 1.80e+23   1.99e+23 3.23e+25   1.19e+23 5.59e+26  
2.0000e+00 9.42e+23 2.11e+24 1.71e+23 1.80e+23   1.99e+23 3.23e+25   1.19e+23 5.59e+26  
